[19:35:46.859 Verbose] - BuildManager - C:\Program Files (x86)\Microsoft Visual Studio\2019\Enterprise\MSBuild\Current\Bin\Microsoft.Common.CurrentVersion.targets(4679,5): error MSB3027: Could not copy "C:\Users\Misho\.nuget\packages\system.security.cryptography.protecteddata\4.4.0\runtimes\win\lib\netstandard2.0\System.Security.Cryptography.ProtectedData.dll" to "C:\Users\Misho\Desktop\Semester 2\Syntesis Assignment\synthesis-assignment-mihail-vasilev-s2-cb01\SynthesisAssignment\.vs\SynthesisAssignment\v16\lut\0\b\SynthATests\Debug\netcoreapp3.1\runtimes\win\lib\netstandard2.0\System.Security.Cryptography.ProtectedData.dll". Exceeded retry count of 10. Failed. 
[19:35:46.859 Verbose] - BuildManager - C:\Program Files (x86)\Microsoft Visual Studio\2019\Enterprise\MSBuild\Current\Bin\Microsoft.Common.CurrentVersion.targets(4679,5): error MSB3021: Unable to copy file "C:\Users\Misho\.nuget\packages\system.security.cryptography.protecteddata\4.4.0\runtimes\win\lib\netstandard2.0\System.Security.Cryptography.ProtectedData.dll" to "C:\Users\Misho\Desktop\Semester 2\Syntesis Assignment\synthesis-assignment-mihail-vasilev-s2-cb01\SynthesisAssignment\.vs\SynthesisAssignment\v16\lut\0\b\SynthATests\Debug\netcoreapp3.1\runtimes\win\lib\netstandard2.0\System.Security.Cryptography.ProtectedData.dll". Could not find a part of the path 'C:\Users\Misho\Desktop\Semester 2\Syntesis Assignment\synthesis-assignment-mihail-vasilev-s2-cb01\SynthesisAssignment\.vs\SynthesisAssignment\v16\lut\0\b\SynthATests\Debug\netcoreapp3.1\runtimes\win\lib\netstandard2.0\System.Security.Cryptography.ProtectedData.dll'.
[19:35:46.865 Verbose] - BuildManager - Some of the file paths defined in the csproj under the Live Unit Testing build path are missing. Verify whether these files should be present under the Live Unit Testing build path and if necessary update the csproj definition to look these files up in a different place.
[19:35:46.865 Verbose] - BuildManager - Item _OutputPathItem 'C:\Users\Misho\Desktop\Semester 2\Syntesis Assignment\synthesis-assignment-mihail-vasilev-s2-cb01\SynthesisAssignment\.vs\SynthesisAssignment\v16\lut\0\b\SynthATests\Debug\netcoreapp3.1\' evaluated via:
_OutputPathItem: '$(OutDir)' @ C:\Program Files (x86)\Microsoft Visual Studio\2019\Enterprise\MSBuild\Current\Bin\Microsoft.Common.CurrentVersion.targets:310
  OutDir: '$(OutputPath)' @ C:\Program Files (x86)\Microsoft Visual Studio\2019\Enterprise\MSBuild\Current\Bin\Microsoft.Common.CurrentVersion.targets:228
    OutputPath: '$(OutputPath)$(TargetFramework.ToLowerInvariant())\' @ C:\Program Files\dotnet\sdk\5.0.408\Sdks\Microsoft.NET.Sdk\targets\Microsoft.NET.TargetFrameworkInference.targets:242
      OutputPath: '$(BaseOutputPath)$(Configuration)\' @ C:\Program Files\dotnet\sdk\5.0.408\Sdks\Microsoft.NET.Sdk\targets\Microsoft.NET.DefaultOutputPaths.targets:33
        BaseOutputPath: 'C:\Users\Misho\Desktop\Semester 2\Syntesis Assignment\synthesis-assignment-mihail-vasilev-s2-cb01\SynthesisAssignment\.vs\SynthesisAssignment\v16\lut\0\b\SynthATests\' @ C:\Users\Misho\Desktop\Semester 2\Syntesis Assignment\synthesis-assignment-mihail-vasilev-s2-cb01\SynthesisAssignment\SynthATests\SynthATests.csproj:0
        Configuration: 'Debug'
[19:35:46.865 Verbose] - BuildManager - Item AppConfigFileDestination 'C:\Users\Misho\Desktop\Semester 2\Syntesis Assignment\synthesis-assignment-mihail-vasilev-s2-cb01\SynthesisAssignment\.vs\SynthesisAssignment\v16\lut\0\b\SynthATests\Debug\netcoreapp3.1\SynthATests.dll.config' evaluated via:
AppConfigFileDestination: '$(OutDir)$(TargetFileName).config' @ C:\Program Files (x86)\Microsoft Visual Studio\2019\Enterprise\MSBuild\Current\Bin\Microsoft.Common.CurrentVersion.targets:338
  OutDir: '$(OutputPath)' @ C:\Program Files (x86)\Microsoft Visual Studio\2019\Enterprise\MSBuild\Current\Bin\Microsoft.Common.CurrentVersion.targets:228
    OutputPath: '$(OutputPath)$(TargetFramework.ToLowerInvariant())\' @ C:\Program Files\dotnet\sdk\5.0.408\Sdks\Microsoft.NET.Sdk\targets\Microsoft.NET.TargetFrameworkInference.targets:242
      OutputPath: '$(BaseOutputPath)$(Configuration)\' @ C:\Program Files\dotnet\sdk\5.0.408\Sdks\Microsoft.NET.Sdk\targets\Microsoft.NET.DefaultOutputPaths.targets:33
        BaseOutputPath: 'C:\Users\Misho\Desktop\Semester 2\Syntesis Assignment\synthesis-assignment-mihail-vasilev-s2-cb01\SynthesisAssignment\.vs\SynthesisAssignment\v16\lut\0\b\SynthATests\' @ C:\Users\Misho\Desktop\Semester 2\Syntesis Assignment\synthesis-assignment-mihail-vasilev-s2-cb01\SynthesisAssignment\SynthATests\SynthATests.csproj:0
        Configuration: 'Debug'
  TargetFileName: '$(TargetName)$(TargetExt)' @ C:\Program Files (x86)\Microsoft Visual Studio\2019\Enterprise\MSBuild\Current\Bin\Microsoft.Common.CurrentVersion.targets:248
    TargetName: '$(AssemblyName)' @ C:\Program Files (x86)\Microsoft Visual Studio\2019\Enterprise\MSBuild\Current\Bin\Microsoft.Common.CurrentVersion.targets:240
      AssemblyName: '$(MSBuildProjectName)' @ C:\Program Files\dotnet\sdk\5.0.408\Sdks\Microsoft.NET.Sdk\targets\Microsoft.NET.Sdk.props:32
        MSBuildProjectName: 'SynthATests'
    TargetExt: '.dll' @ C:\Program Files\dotnet\sdk\5.0.408\Sdks\Microsoft.NET.Sdk\targets\Microsoft.NET.Sdk.BeforeCommon.targets:99
[19:35:46.865 Verbose] - BuildManager - Item _DebugSymbolsOutputPath 'C:\Users\Misho\Desktop\Semester 2\Syntesis Assignment\synthesis-assignment-mihail-vasilev-s2-cb01\SynthesisAssignment\.vs\SynthesisAssignment\v16\lut\0\b\SynthATests\Debug\netcoreapp3.1\SynthATests.pdb' evaluated via:
_DebugSymbolsOutputPath: '@(_DebugSymbolsIntermediatePath->'$(OutDir)%(Filename)%(Extension)')' @ C:\Program Files (x86)\Microsoft Visual Studio\2019\Enterprise\MSBuild\Current\Bin\Microsoft.Common.CurrentVersion.targets:404
  OutDir: '$(OutputPath)' @ C:\Program Files (x86)\Microsoft Visual Studio\2019\Enterprise\MSBuild\Current\Bin\Microsoft.Common.CurrentVersion.targets:228
    OutputPath: '$(OutputPath)$(TargetFramework.ToLowerInvariant())\' @ C:\Program Files\dotnet\sdk\5.0.408\Sdks\Microsoft.NET.Sdk\targets\Microsoft.NET.TargetFrameworkInference.targets:242
      OutputPath: '$(BaseOutputPath)$(Configuration)\' @ C:\Program Files\dotnet\sdk\5.0.408\Sdks\Microsoft.NET.Sdk\targets\Microsoft.NET.DefaultOutputPaths.targets:33
        BaseOutputPath: 'C:\Users\Misho\Desktop\Semester 2\Syntesis Assignment\synthesis-assignment-mihail-vasilev-s2-cb01\SynthesisAssignment\.vs\SynthesisAssignment\v16\lut\0\b\SynthATests\' @ C:\Users\Misho\Desktop\Semester 2\Syntesis Assignment\synthesis-assignment-mihail-vasilev-s2-cb01\SynthesisAssignment\SynthATests\SynthATests.csproj:0
        Configuration: 'Debug'
[19:35:46.865 Verbose] - BuildManager - Item _ApplicationManifestFinal 'C:\Users\Misho\Desktop\Semester 2\Syntesis Assignment\synthesis-assignment-mihail-vasilev-s2-cb01\SynthesisAssignment\.vs\SynthesisAssignment\v16\lut\0\b\SynthATests\Debug\netcoreapp3.1\Native.SynthATests.manifest' evaluated via:
_ApplicationManifestFinal: '$(OutDir)$(_DeploymentTargetApplicationManifestFileName)' @ C:\Program Files (x86)\Microsoft Visual Studio\2019\Enterprise\MSBuild\Current\Bin\Microsoft.Common.CurrentVersion.targets:442
  OutDir: '$(OutputPath)' @ C:\Program Files (x86)\Microsoft Visual Studio\2019\Enterprise\MSBuild\Current\Bin\Microsoft.Common.CurrentVersion.targets:228
    OutputPath: '$(OutputPath)$(TargetFramework.ToLowerInvariant())\' @ C:\Program Files\dotnet\sdk\5.0.408\Sdks\Microsoft.NET.Sdk\targets\Microsoft.NET.TargetFrameworkInference.targets:242
      OutputPath: '$(BaseOutputPath)$(Configuration)\' @ C:\Program Files\dotnet\sdk\5.0.408\Sdks\Microsoft.NET.Sdk\targets\Microsoft.NET.DefaultOutputPaths.targets:33
        BaseOutputPath: 'C:\Users\Misho\Desktop\Semester 2\Syntesis Assignment\synthesis-assignment-mihail-vasilev-s2-cb01\SynthesisAssignment\.vs\SynthesisAssignment\v16\lut\0\b\SynthATests\' @ C:\Users\Misho\Desktop\Semester 2\Syntesis Assignment\synthesis-assignment-mihail-vasilev-s2-cb01\SynthesisAssignment\SynthATests\SynthATests.csproj:0
        Configuration: 'Debug'
  _DeploymentTargetApplicationManifestFileName: 'Native.$(AssemblyName).manifest' @ C:\Program Files (x86)\Microsoft Visual Studio\2019\Enterprise\MSBuild\Current\Bin\Microsoft.Common.CurrentVersion.targets:264
    AssemblyName: '$(MSBuildProjectName)' @ C:\Program Files\dotnet\sdk\5.0.408\Sdks\Microsoft.NET.Sdk\targets\Microsoft.NET.Sdk.props:32
      MSBuildProjectName: 'SynthATests'
